# JRE version: Java(TM) SE Runtime Environment (8.0_91-b14) (build 1.8.0_91-b14)
# Java VM: Java HotSpot(TM) 64-Bit Server VM (25.91-b14 mixed mode windows-amd64 compressed oops)
Heap:
 PSYoungGen      total 6656K, used 5429K [0x00000000eb000000, 0x00000000eb700000, 0x0000000100000000)
  eden space 6144K, 80% used [0x00000000eb000000,0x00000000eb4cd428,0x00000000eb600000)
  from space 512K, 100% used [0x00000000eb680000,0x00000000eb700000,0x00000000eb700000)
  to   space 512K, 0% used [0x00000000eb600000,0x00000000eb600000,0x00000000eb680000)
 ParOldGen       total 5632K, used 884K [0x00000000c1000000, 0x00000000c1580000, 0x00000000eb000000)
  object space 5632K, 15% used [0x00000000c1000000,0x00000000c10dd060,0x00000000c1580000)
 Metaspace       used 7404K, capacity 8244K, committed 8448K, reserved 1056768K
  class space    used 910K, capacity 944K, committed 1024K, reserved 1048576K
GC Heap History (8 events):
Event: 0.251 GC heap before
{Heap before GC invocations=1 (full 0):
 PSYoungGen      total 2048K, used 1523K [0x00000000eb000000, 0x00000000eb280000, 0x0000000100000000)
  eden space 1536K, 99% used [0x00000000eb000000,0x00000000eb17cf60,0x00000000eb180000)
  from space 512K, 0% used [0x00000000eb200000,0x00000000eb200000,0x00000000eb280000)
  to   space 512K, 0% used [0x00000000eb180000,0x00000000eb180000,0x00000000eb200000)
 ParOldGen       total 5632K, used 0K [0x00000000c1000000, 0x00000000c1580000, 0x00000000eb000000)
  object space 5632K, 0% used [0x00000000c1000000,0x00000000c1000000,0x00000000c1580000)
 Metaspace       used 3332K, capacity 4812K, committed 5120K, reserved 1056768K
  class space    used 387K, capacity 456K, committed 512K, reserved 1048576K
Event: 0.254 GC heap after
Heap after GC invocations=1 (full 0):
 PSYoungGen      total 2048K, used 511K [0x00000000eb000000, 0x00000000eb400000, 0x0000000100000000)
  eden space 1536K, 0% used [0x00000000eb000000,0x00000000eb000000,0x00000000eb180000)
  from space 512K, 99% used [0x00000000eb180000,0x00000000eb1ffc30,0x00000000eb200000)
  to   space 512K, 0% used [0x00000000eb380000,0x00000000eb380000,0x00000000eb400000)
 ParOldGen       total 5632K, used 32K [0x00000000c1000000, 0x00000000c1580000, 0x00000000eb000000)
  object space 5632K, 0% used [0x00000000c1000000,0x00000000c1008000,0x00000000c1580000)
 Metaspace       used 3332K, capacity 4812K, committed 5120K, reserved 1056768K
  class space    used 387K, capacity 456K, committed 512K, reserved 1048576K
}
Event: 0.308 GC heap before
{Heap before GC invocations=2 (full 0):
 PSYoungGen      total 2048K, used 1975K [0x00000000eb000000, 0x00000000eb400000, 0x0000000100000000)
  eden space 1536K, 95% used [0x00000000eb000000,0x00000000eb16e1f0,0x00000000eb180000)
  from space 512K, 99% used [0x00000000eb180000,0x00000000eb1ffc30,0x00000000eb200000)
  to   space 512K, 0% used [0x00000000eb380000,0x00000000eb380000,0x00000000eb400000)
 ParOldGen       total 5632K, used 32K [0x00000000c1000000, 0x00000000c1580000, 0x00000000eb000000)
  object space 5632K, 0% used [0x00000000c1000000,0x00000000c1008000,0x00000000c1580000)
 Metaspace       used 4084K, capacity 5388K, committed 5760K, reserved 1056768K
  class space    used 487K, capacity 520K, committed 640K, reserved 1048576K
Event: 0.311 GC heap after
Heap after GC invocations=2 (full 0):
 PSYoungGen      total 3584K, used 512K [0x00000000eb000000, 0x00000000eb400000, 0x0000000100000000)
  eden space 3072K, 0% used [0x00000000eb000000,0x00000000eb000000,0x00000000eb300000)
  from space 512K, 100% used [0x00000000eb380000,0x00000000eb400000,0x00000000eb400000)
  to   space 512K, 0% used [0x00000000eb300000,0x00000000eb300000,0x00000000eb380000)
 ParOldGen       total 5632K, used 96K [0x00000000c1000000, 0x00000000c1580000, 0x00000000eb000000)
  object space 5632K, 1% used [0x00000000c1000000,0x00000000c1018000,0x00000000c1580000)
 Metaspace       used 4084K, capacity 5388K, committed 5760K, reserved 1056768K
  class space    used 487K, capacity 520K, committed 640K, reserved 1048576K
}
Event: 0.426 GC heap before
{Heap before GC invocations=3 (full 0):
 PSYoungGen      total 3584K, used 3584K [0x00000000eb000000, 0x00000000eb400000, 0x0000000100000000)
  eden space 3072K, 100% used [0x00000000eb000000,0x00000000eb300000,0x00000000eb300000)
  from space 512K, 100% used [0x00000000eb380000,0x00000000eb400000,0x00000000eb400000)
  to   space 512K, 0% used [0x00000000eb300000,0x00000000eb300000,0x00000000eb380000)
 ParOldGen       total 5632K, used 96K [0x00000000c1000000, 0x00000000c1580000, 0x00000000eb000000)
  object space 5632K, 1% used [0x00000000c1000000,0x00000000c1018000,0x00000000c1580000)
 Metaspace       used 5120K, capacity 6348K, committed 6656K, reserved 1056768K
  class space    used 620K, capacity 648K, committed 768K, reserved 1048576K
Event: 0.427 GC heap after
Heap after GC invocations=3 (full 0):
 PSYoungGen      total 3584K, used 512K [0x00000000eb000000, 0x00000000eb700000, 0x0000000100000000)
  eden space 3072K, 0% used [0x00000000eb000000,0x00000000eb000000,0x00000000eb300000)
  from space 512K, 100% used [0x00000000eb300000,0x00000000eb380000,0x00000000eb380000)
  to   space 512K, 0% used [0x00000000eb680000,0x00000000eb680000,0x00000000eb700000)
 ParOldGen       total 5632K, used 528K [0x00000000c1000000, 0x00000000c1580000, 0x00000000eb000000)
  object space 5632K, 9% used [0x00000000c1000000,0x00000000c1084020,0x00000000c1580000)
 Metaspace       used 5120K, capacity 6348K, committed 6656K, reserved 1056768K
  class space    used 620K, capacity 648K, committed 768K, reserved 1048576K
}
Event: 0.568 GC heap before
{Heap before GC invocations=4 (full 0):
 PSYoungGen      total 3584K, used 3584K [0x00000000eb000000, 0x00000000eb700000, 0x0000000100000000)
  eden space 3072K, 100% used [0x00000000eb000000,0x00000000eb300000,0x00000000eb300000)
  from space 512K, 100% used [0x00000000eb300000,0x00000000eb380000,0x00000000eb380000)
  to   space 512K, 0% used [0x00000000eb680000,0x00000000eb680000,0x00000000eb700000)
 ParOldGen       total 5632K, used 528K [0x00000000c1000000, 0x00000000c1580000, 0x00000000eb000000)
  object space 5632K, 9% used [0x00000000c1000000,0x00000000c1084020,0x00000000c1580000)
 Metaspace       used 6204K, capacity 7404K, committed 7552K, reserved 1056768K
  class space    used 775K, capacity 808K, committed 896K, reserved 1048576K
Event: 0.569 GC heap after
Heap after GC invocations=4 (full 0):
 PSYoungGen      total 6656K, used 512K [0x00000000eb000000, 0x00000000eb700000, 0x0000000100000000)
  eden space 6144K, 0% used [0x00000000eb000000,0x00000000eb000000,0x00000000eb600000)
  from space 512K, 100% used [0x00000000eb680000,0x00000000eb700000,0x00000000eb700000)
  to   space 512K, 0% used [0x00000000eb600000,0x00000000eb600000,0x00000000eb680000)
 ParOldGen       total 5632K, used 884K [0x00000000c1000000, 0x00000000c1580000, 0x00000000eb000000)
  object space 5632K, 15% used [0x00000000c1000000,0x00000000c10dd060,0x00000000c1580000)
 Metaspace       used 6204K, capacity 7404K, committed 7552K, reserved 1056768K
  class space    used 775K, capacity 808K, committed 896K, reserved 1048576K
}

